Arguments: 
  D:\node.js\node.exe C:\Program Files (x86)\Yarn\bin\yarn.js install

PATH: 
  C:\Program Files (x86)\Common Files\Oracle\Java\javapath;C:\Program Files (x86)\VMware\VMware Workstation\bin\;C:\Windows\system32;C:\Windows;C:\Windows\System32\Wbem;C:\Windows\System32\WindowsPowerShell\v1.0\;C:\Windows\System32\OpenSSH\;C:\Program Files (x86)\NVIDIA Corporation\PhysX\Common;C:\Program Files\NVIDIA Corporation\NVIDIA NvDLISR;C:\Program Files\Intel\WiFi\bin\;C:\Program Files\Common Files\Intel\WirelessCommon\;C:\Program Files (x86)\Intel\Intel(R) Management Engine Components\DAL;C:\Program Files\Intel\Intel(R) Management Engine Components\DAL;C:\WINDOWS\system32;C:\WINDOWS;C:\WINDOWS\System32\Wbem;C:\WINDOWS\System32\WindowsPowerShell\v1.0\;C:\WINDOWS\System32\OpenSSH\;C:\Program Files (x86)\Microsoft SQL Server\100\Tools\Binn\;C:\Program Files\Microsoft SQL Server\100\Tools\Binn\;C:\Program Files\Microsoft SQL Server\100\DTS\Binn\;C:\Program Files\MySQL\MySQL Server 8.0\bin;D:\git代码托管\Git\cmd;D:\java\bin;D:\maven\apache-maven-3.8.6\bin;C:\Program Files (x86)\Yarn\bin\;D:\node.js\node_global\;D:\node.js\;D:\node.js\node_global\node_modules;D:\微信web开发者工具\dll;C:\Program Files\PuTTY\;D:\Anaconda;D:\Anaconda\Scripts;D:\Anaconda\Library\bin;C:\Users\24345\AppData\Local\Programs\Python\Python310;C:\Users\24345\AppData\Local\Programs\Python\Python37\;C:\Users\24345\AppData\Local\Microsoft\WindowsApps;C:\Program Files\Bandizip\;D:\Microsoft VS Code\bin;C:\Users\24345\AppData\Local\Programs\Fiddler;C:\Users\24345\AppData\Local\Yarn\bin;C:\Users\24345\AppData\Roaming\npm;;%USERPROFILE%\AppData\Local\Microsoft\WindowsApps

Yarn version: 
  1.22.19

Node version: 
  18.15.0

Platform: 
  win32 x64

Trace: 
  Error: ENOENT: no such file or directory, copyfile 'C:\Users\24345\AppData\Local\Yarn\Cache\v6\npm-yallist-4.0.0-9bb92790d9c0effec63be73519e11a35019a3a72-integrity\node_modules\yallist\LICENSE' -> 'D:\桌面\两周100道面试题\js-code\node_modules\css-loader\node_modules\yallist\LICENSE'

npm manifest: 
  {
    "name": "interview-js-code",
    "version": "1.0.0",
    "description": "",
    "main": "index.js",
    "scripts": {
      "test": "jest --detectOpenHandles",
      "dev": "cross-env NODE_ENV=development webpack serve --config build/webpack.dev.js",
      "build": "cross-env NODE_ENV=production webpack --config build/webpack.prod.js",
      "build:analyzer": "cross-env NODE_ENV=production_analyzer webpack --config build/webpack.prod.js"
    },
    "keywords": [],
    "author": "",
    "license": "ISC",
    "devDependencies": {
      "@babel/core": "^7.13.14",
      "@babel/preset-env": "^7.13.12",
      "@types/jest": "^27.0.2",
      "autoprefixer": "^10.2.5",
      "babel-jest": "^27.3.0",
      "babel-loader": "^8.2.2",
      "clean-webpack-plugin": "^3.0.0",
      "cross-env": "^7.0.3",
      "css-loader": "^5.2.0",
      "html-webpack-plugin": "^5.3.1",
      "jest": "^27.3.0",
      "less": "^4.1.1",
      "less-loader": "^8.0.0",
      "postcss-loader": "^5.2.0",
      "style-loader": "^2.0.0",
      "ts-loader": "^8.1.0",
      "typescript": "^4.2.3",
      "url-loader": "^4.1.1",
      "webpack": "^5.30.0",
      "webpack-bundle-analyzer": "^4.4.0",
      "webpack-cli": "^4.6.0",
      "webpack-dev-server": "^3.11.2",
      "webpack-merge": "^5.7.3",
      "ts-jest": "^27.0.7"
    }
  }

yarn manifest: 
  No manifest

Lockfile: 
  No lockfile
